c:\users\nikita\desktop\lab\3sem_lab1\vs_project\debug\vc142.pdb
c:\users\nikita\desktop\lab\3sem_lab1\vs_project\debug\vc142.idb
c:\users\nikita\desktop\lab\3sem_lab1\vs_project\debug\tabletreeavl.obj
c:\users\nikita\desktop\lab\3sem_lab1\vs_project\debug\tablearray.obj
c:\users\nikita\desktop\lab\3sem_lab1\vs_project\debug\table.obj
c:\users\nikita\desktop\lab\3sem_lab1\vs_project\debug\polynomial.obj
c:\users\nikita\desktop\lab\3sem_lab1\vs_project\debug\monomial.obj
c:\users\nikita\desktop\lab\3sem_lab1\vs_project\debug\main.obj
c:\users\nikita\desktop\lab\3sem_lab1\vs_project\debug\vs_project.exe
c:\users\nikita\desktop\lab\3sem_lab1\vs_project\debug\vs_project.ilk
c:\users\nikita\desktop\lab\3sem_lab1\vs_project\debug\vs_project.pdb
c:\users\nikita\desktop\lab\3sem_lab1\vs_project\debug\gtest_project.ilk
c:\users\nikita\desktop\lab\3sem_lab1\vs_project\debug\gtest.pdb
c:\users\nikita\desktop\lab\3sem_lab1\vs_project\debug\gtest_main.pdb
c:\users\nikita\desktop\lab\3sem_lab1\vs_project\debug\gtest_project.pdb
c:\users\nikita\desktop\lab\3sem_lab1\vs_project\debug\vs_project.tlog\cl.command.1.tlog
c:\users\nikita\desktop\lab\3sem_lab1\vs_project\debug\vs_project.tlog\cl.read.1.tlog
c:\users\nikita\desktop\lab\3sem_lab1\vs_project\debug\vs_project.tlog\cl.write.1.tlog
c:\users\nikita\desktop\lab\3sem_lab1\vs_project\debug\vs_project.tlog\link.command.1.tlog
c:\users\nikita\desktop\lab\3sem_lab1\vs_project\debug\vs_project.tlog\link.read.1.tlog
c:\users\nikita\desktop\lab\3sem_lab1\vs_project\debug\vs_project.tlog\link.write.1.tlog
